# JRE version: Java(TM) SE Runtime Environment (8.0_51-b16) (build 1.8.0_51-b16)
# Java VM: Java HotSpot(TM) 64-Bit Server VM (25.51-b03 mixed mode windows-amd64 compressed oops)
Heap:
 PSYoungGen      total 45568K, used 45007K [0x000000076b180000, 0x000000076df00000, 0x00000007c0000000)
  eden space 44544K, 99% used [0x000000076b180000,0x000000076dcebce0,0x000000076dd00000)
  from space 1024K, 53% used [0x000000076de00000,0x000000076de88000,0x000000076df00000)
  to   space 1024K, 0% used [0x000000076dd00000,0x000000076dd00000,0x000000076de00000)
 ParOldGen       total 329216K, used 313494K [0x00000006c1400000, 0x00000006d5580000, 0x000000076b180000)
  object space 329216K, 95% used [0x00000006c1400000,0x00000006d4625838,0x00000006d5580000)
 Metaspace       used 43130K, capacity 43417K, committed 43776K, reserved 1087488K
  class space    used 4740K, capacity 4841K, committed 4864K, reserved 1048576K
GC Heap History (10 events):
Event: 822.400 GC heap before
{Heap before GC invocations=954 (full 4):
 PSYoungGen      total 45568K, used 45248K [0x000000076b180000, 0x000000076df00000, 0x00000007c0000000)
  eden space 44544K, 100% used [0x000000076b180000,0x000000076dd00000,0x000000076dd00000)
  from space 1024K, 68% used [0x000000076dd00000,0x000000076ddb0000,0x000000076de00000)
  to   space 1024K, 0% used [0x000000076de00000,0x000000076de00000,0x000000076df00000)
 ParOldGen       total 329216K, used 313389K [0x00000006c1400000, 0x00000006d5580000, 0x000000076b180000)
  object space 329216K, 95% used [0x00000006c1400000,0x00000006d460b7e8,0x00000006d5580000)
 Metaspace       used 43121K, capacity 43417K, committed 43776K, reserved 1087488K
  class space    used 4739K, capacity 4841K, committed 4864K, reserved 1048576K
Event: 822.403 GC heap after
Heap after GC invocations=954 (full 4):
 PSYoungGen      total 45568K, used 576K [0x000000076b180000, 0x000000076df00000, 0x00000007c0000000)
  eden space 44544K, 0% used [0x000000076b180000,0x000000076b180000,0x000000076dd00000)
  from space 1024K, 56% used [0x000000076de00000,0x000000076de90000,0x000000076df00000)
  to   space 1024K, 0% used [0x000000076dd00000,0x000000076dd00000,0x000000076de00000)
 ParOldGen       total 329216K, used 313494K [0x00000006c1400000, 0x00000006d5580000, 0x000000076b180000)
  object space 329216K, 95% used [0x00000006c1400000,0x00000006d4625838,0x00000006d5580000)
 Metaspace       used 43121K, capacity 43417K, committed 43776K, reserved 1087488K
  class space    used 4739K, capacity 4841K, committed 4864K, reserved 1048576K
}
Event: 822.745 GC heap before
{Heap before GC invocations=955 (full 4):
 PSYoungGen      total 45568K, used 45120K [0x000000076b180000, 0x000000076df00000, 0x00000007c0000000)
  eden space 44544K, 100% used [0x000000076b180000,0x000000076dd00000,0x000000076dd00000)
  from space 1024K, 56% used [0x000000076de00000,0x000000076de90000,0x000000076df00000)
  to   space 1024K, 0% used [0x000000076dd00000,0x000000076dd00000,0x000000076de00000)
 ParOldGen       total 329216K, used 313494K [0x00000006c1400000, 0x00000006d5580000, 0x000000076b180000)
  object space 329216K, 95% used [0x00000006c1400000,0x00000006d4625838,0x00000006d5580000)
 Metaspace       used 43121K, capacity 43417K, committed 43776K, reserved 1087488K
  class space    used 4739K, capacity 4841K, committed 4864K, reserved 1048576K
Event: 822.747 GC heap after
Heap after GC invocations=955 (full 4):
 PSYoungGen      total 45568K, used 576K [0x000000076b180000, 0x000000076df00000, 0x00000007c0000000)
  eden space 44544K, 0% used [0x000000076b180000,0x000000076b180000,0x000000076dd00000)
  from space 1024K, 56% used [0x000000076dd00000,0x000000076dd90000,0x000000076de00000)
  to   space 1024K, 0% used [0x000000076de00000,0x000000076de00000,0x000000076df00000)
 ParOldGen       total 329216K, used 313494K [0x00000006c1400000, 0x00000006d5580000, 0x000000076b180000)
  object space 329216K, 95% used [0x00000006c1400000,0x00000006d4625838,0x00000006d5580000)
 Metaspace       used 43121K, capacity 43417K, committed 43776K, reserved 1087488K
  class space    used 4739K, capacity 4841K, committed 4864K, reserved 1048576K
}
Event: 823.045 GC heap before
{Heap before GC invocations=956 (full 4):
 PSYoungGen      total 45568K, used 45120K [0x000000076b180000, 0x000000076df00000, 0x00000007c0000000)
  eden space 44544K, 100% used [0x000000076b180000,0x000000076dd00000,0x000000076dd00000)
  from space 1024K, 56% used [0x000000076dd00000,0x000000076dd90000,0x000000076de00000)
  to   space 1024K, 0% used [0x000000076de00000,0x000000076de00000,0x000000076df00000)
 ParOldGen       total 329216K, used 313494K [0x00000006c1400000, 0x00000006d5580000, 0x000000076b180000)
  object space 329216K, 95% used [0x00000006c1400000,0x00000006d4625838,0x00000006d5580000)
 Metaspace       used 43121K, capacity 43417K, committed 43776K, reserved 1087488K
  class space    used 4739K, capacity 4841K, committed 4864K, reserved 1048576K
Event: 823.047 GC heap after
Heap after GC invocations=956 (full 4):
 PSYoungGen      total 45568K, used 576K [0x000000076b180000, 0x000000076df00000, 0x00000007c0000000)
  eden space 44544K, 0% used [0x000000076b180000,0x000000076b180000,0x000000076dd00000)
  from space 1024K, 56% used [0x000000076de00000,0x000000076de90000,0x000000076df00000)
  to   space 1024K, 0% used [0x000000076dd00000,0x000000076dd00000,0x000000076de00000)
 ParOldGen       total 329216K, used 313494K [0x00000006c1400000, 0x00000006d5580000, 0x000000076b180000)
  object space 329216K, 95% used [0x00000006c1400000,0x00000006d4625838,0x00000006d5580000)
 Metaspace       used 43121K, capacity 43417K, committed 43776K, reserved 1087488K
  class space    used 4739K, capacity 4841K, committed 4864K, reserved 1048576K
}
Event: 823.405 GC heap before
{Heap before GC invocations=957 (full 4):
 PSYoungGen      total 45568K, used 45120K [0x000000076b180000, 0x000000076df00000, 0x00000007c0000000)
  eden space 44544K, 100% used [0x000000076b180000,0x000000076dd00000,0x000000076dd00000)
  from space 1024K, 56% used [0x000000076de00000,0x000000076de90000,0x000000076df00000)
  to   space 1024K, 0% used [0x000000076dd00000,0x000000076dd00000,0x000000076de00000)
 ParOldGen       total 329216K, used 313494K [0x00000006c1400000, 0x00000006d5580000, 0x000000076b180000)
  object space 329216K, 95% used [0x00000006c1400000,0x00000006d4625838,0x00000006d5580000)
 Metaspace       used 43121K, capacity 43417K, committed 43776K, reserved 1087488K
  class space    used 4739K, capacity 4841K, committed 4864K, reserved 1048576K
Event: 823.407 GC heap after
Heap after GC invocations=957 (full 4):
 PSYoungGen      total 45568K, used 512K [0x000000076b180000, 0x000000076df00000, 0x00000007c0000000)
  eden space 44544K, 0% used [0x000000076b180000,0x000000076b180000,0x000000076dd00000)
  from space 1024K, 50% used [0x000000076dd00000,0x000000076dd80000,0x000000076de00000)
  to   space 1024K, 0% used [0x000000076de00000,0x000000076de00000,0x000000076df00000)
 ParOldGen       total 329216K, used 313494K [0x00000006c1400000, 0x00000006d5580000, 0x000000076b180000)
  object space 329216K, 95% used [0x00000006c1400000,0x00000006d4625838,0x00000006d5580000)
 Metaspace       used 43121K, capacity 43417K, committed 43776K, reserved 1087488K
  class space    used 4739K, capacity 4841K, committed 4864K, reserved 1048576K
}
Event: 823.727 GC heap before
{Heap before GC invocations=958 (full 4):
 PSYoungGen      total 45568K, used 45056K [0x000000076b180000, 0x000000076df00000, 0x00000007c0000000)
  eden space 44544K, 100% used [0x000000076b180000,0x000000076dd00000,0x000000076dd00000)
  from space 1024K, 50% used [0x000000076dd00000,0x000000076dd80000,0x000000076de00000)
  to   space 1024K, 0% used [0x000000076de00000,0x000000076de00000,0x000000076df00000)
 ParOldGen       total 329216K, used 313494K [0x00000006c1400000, 0x00000006d5580000, 0x000000076b180000)
  object space 329216K, 95% used [0x00000006c1400000,0x00000006d4625838,0x00000006d5580000)
 Metaspace       used 43121K, capacity 43417K, committed 43776K, reserved 1087488K
  class space    used 4739K, capacity 4841K, committed 4864K, reserved 1048576K
Event: 823.729 GC heap after
Heap after GC invocations=958 (full 4):
 PSYoungGen      total 45568K, used 544K [0x000000076b180000, 0x000000076df00000, 0x00000007c0000000)
  eden space 44544K, 0% used [0x000000076b180000,0x000000076b180000,0x000000076dd00000)
  from space 1024K, 53% used [0x000000076de00000,0x000000076de88000,0x000000076df00000)
  to   space 1024K, 0% used [0x000000076dd00000,0x000000076dd00000,0x000000076de00000)
 ParOldGen       total 329216K, used 313494K [0x00000006c1400000, 0x00000006d5580000, 0x000000076b180000)
  object space 329216K, 95% used [0x00000006c1400000,0x00000006d4625838,0x00000006d5580000)
 Metaspace       used 43121K, capacity 43417K, committed 43776K, reserved 1087488K
  class space    used 4739K, capacity 4841K, committed 4864K, reserved 1048576K
}

