# JRE version: Java(TM) SE Runtime Environment (8.0_51-b16) (build 1.8.0_51-b16)
# Java VM: Java HotSpot(TM) 64-Bit Server VM (25.51-b03 mixed mode windows-amd64 compressed oops)
Heap:
 PSYoungGen      total 809984K, used 606074K [0x000000076b180000, 0x00000007a4000000, 0x00000007c0000000)
  eden space 740864K, 72% used [0x000000076b180000,0x000000078bddeb08,0x0000000798500000)
  from space 69120K, 99% used [0x000000079a480000,0x000000079e7ffd58,0x000000079e800000)
  to   space 90112K, 0% used [0x000000079e800000,0x000000079e800000,0x00000007a4000000)
 ParOldGen       total 312320K, used 145957K [0x00000006c1400000, 0x00000006d4500000, 0x000000076b180000)
  object space 312320K, 46% used [0x00000006c1400000,0x00000006ca289670,0x00000006d4500000)
 Metaspace       used 43234K, capacity 43637K, committed 44160K, reserved 1089536K
  class space    used 4757K, capacity 4883K, committed 4992K, reserved 1048576K
GC Heap History (10 events):
Event: 231.101 GC heap before
{Heap before GC invocations=26 (full 5):
 PSYoungGen      total 791040K, used 787542K [0x000000076b180000, 0x00000007a1200000, 0x00000007c0000000)
  eden space 741888K, 100% used [0x000000076b180000,0x0000000798600000,0x0000000798600000)
  from space 49152K, 92% used [0x000000079e200000,0x00000007a0e95998,0x00000007a1200000)
  to   space 71680K, 0% used [0x0000000798600000,0x0000000798600000,0x000000079cc00000)
 ParOldGen       total 312320K, used 145917K [0x00000006c1400000, 0x00000006d4500000, 0x000000076b180000)
  object space 312320K, 46% used [0x00000006c1400000,0x00000006ca27f670,0x00000006d4500000)
 Metaspace       used 42603K, capacity 42987K, committed 43520K, reserved 1087488K
  class space    used 4726K, capacity 4844K, committed 4864K, reserved 1048576K
Event: 231.114 GC heap after
Heap after GC invocations=26 (full 5):
 PSYoungGen      total 813568K, used 52132K [0x000000076b180000, 0x00000007a3080000, 0x00000007c0000000)
  eden space 741888K, 0% used [0x000000076b180000,0x000000076b180000,0x0000000798600000)
  from space 71680K, 72% used [0x0000000798600000,0x000000079b8e93e0,0x000000079cc00000)
  to   space 74752K, 0% used [0x000000079e780000,0x000000079e780000,0x00000007a3080000)
 ParOldGen       total 312320K, used 145925K [0x00000006c1400000, 0x00000006d4500000, 0x000000076b180000)
  object space 312320K, 46% used [0x00000006c1400000,0x00000006ca281670,0x00000006d4500000)
 Metaspace       used 42603K, capacity 42987K, committed 43520K, reserved 1087488K
  class space    used 4726K, capacity 4844K, committed 4864K, reserved 1048576K
}
Event: 251.082 GC heap before
{Heap before GC invocations=27 (full 5):
 PSYoungGen      total 813568K, used 794020K [0x000000076b180000, 0x00000007a3080000, 0x00000007c0000000)
  eden space 741888K, 100% used [0x000000076b180000,0x0000000798600000,0x0000000798600000)
  from space 71680K, 72% used [0x0000000798600000,0x000000079b8e93e0,0x000000079cc00000)
  to   space 74752K, 0% used [0x000000079e780000,0x000000079e780000,0x00000007a3080000)
 ParOldGen       total 312320K, used 145925K [0x00000006c1400000, 0x00000006d4500000, 0x000000076b180000)
  object space 312320K, 46% used [0x00000006c1400000,0x00000006ca281670,0x00000006d4500000)
 Metaspace       used 42700K, capacity 43051K, committed 43520K, reserved 1087488K
  class space    used 4729K, capacity 4844K, committed 4864K, reserved 1048576K
Event: 251.095 GC heap after
Heap after GC invocations=27 (full 5):
 PSYoungGen      total 836096K, used 60408K [0x000000076b180000, 0x00000007a3680000, 0x00000007c0000000)
  eden space 761344K, 0% used [0x000000076b180000,0x000000076b180000,0x0000000799900000)
  from space 74752K, 80% used [0x000000079e780000,0x00000007a227e0c8,0x00000007a3080000)
  to   space 80384K, 0% used [0x0000000799900000,0x0000000799900000,0x000000079e780000)
 ParOldGen       total 312320K, used 145933K [0x00000006c1400000, 0x00000006d4500000, 0x000000076b180000)
  object space 312320K, 46% used [0x00000006c1400000,0x00000006ca283670,0x00000006d4500000)
 Metaspace       used 42700K, capacity 43051K, committed 43520K, reserved 1087488K
  class space    used 4729K, capacity 4844K, committed 4864K, reserved 1048576K
}
Event: 283.944 GC heap before
{Heap before GC invocations=28 (full 5):
 PSYoungGen      total 836096K, used 821752K [0x000000076b180000, 0x00000007a3680000, 0x00000007c0000000)
  eden space 761344K, 100% used [0x000000076b180000,0x0000000799900000,0x0000000799900000)
  from space 74752K, 80% used [0x000000079e780000,0x00000007a227e0c8,0x00000007a3080000)
  to   space 80384K, 0% used [0x0000000799900000,0x0000000799900000,0x000000079e780000)
 ParOldGen       total 312320K, used 145933K [0x00000006c1400000, 0x00000006d4500000, 0x000000076b180000)
  object space 312320K, 46% used [0x00000006c1400000,0x00000006ca283670,0x00000006d4500000)
 Metaspace       used 42847K, capacity 43209K, committed 43520K, reserved 1087488K
  class space    used 4737K, capacity 4849K, committed 4864K, reserved 1048576K
Event: 283.954 GC heap after
Heap after GC invocations=28 (full 5):
 PSYoungGen      total 841728K, used 64280K [0x000000076b180000, 0x00000007a5100000, 0x00000007c0000000)
  eden space 761344K, 0% used [0x000000076b180000,0x000000076b180000,0x0000000799900000)
  from space 80384K, 79% used [0x0000000799900000,0x000000079d7c61d8,0x000000079e780000)
  to   space 86016K, 0% used [0x000000079fd00000,0x000000079fd00000,0x00000007a5100000)
 ParOldGen       total 312320K, used 145941K [0x00000006c1400000, 0x00000006d4500000, 0x000000076b180000)
  object space 312320K, 46% used [0x00000006c1400000,0x00000006ca285670,0x00000006d4500000)
 Metaspace       used 42847K, capacity 43209K, committed 43520K, reserved 1087488K
  class space    used 4737K, capacity 4849K, committed 4864K, reserved 1048576K
}
Event: 306.305 GC heap before
{Heap before GC invocations=29 (full 5):
 PSYoungGen      total 841728K, used 825624K [0x000000076b180000, 0x00000007a5100000, 0x00000007c0000000)
  eden space 761344K, 100% used [0x000000076b180000,0x0000000799900000,0x0000000799900000)
  from space 80384K, 79% used [0x0000000799900000,0x000000079d7c61d8,0x000000079e780000)
  to   space 86016K, 0% used [0x000000079fd00000,0x000000079fd00000,0x00000007a5100000)
 ParOldGen       total 312320K, used 145941K [0x00000006c1400000, 0x00000006d4500000, 0x000000076b180000)
  object space 312320K, 46% used [0x00000006c1400000,0x00000006ca285670,0x00000006d4500000)
 Metaspace       used 43092K, capacity 43497K, committed 43904K, reserved 1087488K
  class space    used 4753K, capacity 4881K, committed 4992K, reserved 1048576K
Event: 306.319 GC heap after
Heap after GC invocations=29 (full 5):
 PSYoungGen      total 859136K, used 65272K [0x000000076b180000, 0x00000007a5700000, 0x00000007c0000000)
  eden space 773120K, 0% used [0x000000076b180000,0x000000076b180000,0x000000079a480000)
  from space 86016K, 75% used [0x000000079fd00000,0x00000007a3cbe1e0,0x00000007a5100000)
  to   space 90624K, 0% used [0x000000079a480000,0x000000079a480000,0x000000079fd00000)
 ParOldGen       total 312320K, used 145949K [0x00000006c1400000, 0x00000006d4500000, 0x000000076b180000)
  object space 312320K, 46% used [0x00000006c1400000,0x00000006ca287670,0x00000006d4500000)
 Metaspace       used 43092K, capacity 43497K, committed 43904K, reserved 1087488K
  class space    used 4753K, capacity 4881K, committed 4992K, reserved 1048576K
}
Event: 328.400 GC heap before
{Heap before GC invocations=30 (full 5):
 PSYoungGen      total 859136K, used 838392K [0x000000076b180000, 0x00000007a5700000, 0x00000007c0000000)
  eden space 773120K, 100% used [0x000000076b180000,0x000000079a480000,0x000000079a480000)
  from space 86016K, 75% used [0x000000079fd00000,0x00000007a3cbe1e0,0x00000007a5100000)
  to   space 90624K, 0% used [0x000000079a480000,0x000000079a480000,0x000000079fd00000)
 ParOldGen       total 312320K, used 145949K [0x00000006c1400000, 0x00000006d4500000, 0x000000076b180000)
  object space 312320K, 46% used [0x00000006c1400000,0x00000006ca287670,0x00000006d4500000)
 Metaspace       used 43178K, capacity 43561K, committed 44160K, reserved 1089536K
  class space    used 4755K, capacity 4881K, committed 4992K, reserved 1048576K
Event: 328.410 GC heap after
Heap after GC invocations=30 (full 5):
 PSYoungGen      total 809984K, used 69119K [0x000000076b180000, 0x00000007a4000000, 0x00000007c0000000)
  eden space 740864K, 0% used [0x000000076b180000,0x000000076b180000,0x0000000798500000)
  from space 69120K, 99% used [0x000000079a480000,0x000000079e7ffd58,0x000000079e800000)
  to   space 90112K, 0% used [0x000000079e800000,0x000000079e800000,0x00000007a4000000)
 ParOldGen       total 312320K, used 145957K [0x00000006c1400000, 0x00000006d4500000, 0x000000076b180000)
  object space 312320K, 46% used [0x00000006c1400000,0x00000006ca289670,0x00000006d4500000)
 Metaspace       used 43178K, capacity 43561K, committed 44160K, reserved 1089536K
  class space    used 4755K, capacity 4881K, committed 4992K, reserved 1048576K
}

